newAppTest/build/outputs/logs/manifest-merger-debug-report.txt
-- Merging decision tree log ---
manifest
ADDED from src\main\AndroidManifest.xml:2:1-121:12
	xmlns:android
		ADDED from src\main\AndroidManifest.xml:2:11-69
	package
		ADDED from src\main\AndroidManifest.xml:3:5-52
		INJECTED from src\main\AndroidManifest.xml
		INJECTED from src\main\AndroidManifest.xml
	android:versionName
		ADDED from src\main\AndroidManifest.xml:5:5-30
		INJECTED from src\main\AndroidManifest.xml
		INJECTED from src\main\AndroidManifest.xml
	android:versionCode
		ADDED from src\main\AndroidManifest.xml:4:5-28
		INJECTED from src\main\AndroidManifest.xml
		INJECTED from src\main\AndroidManifest.xml
uses-sdk
ADDED from src\main\AndroidManifest.xml:7:5-9:41
MERGED from [com.android.support:support-v4:23.1.1] AndroidManifest.xml:20:5-43
MERGED from [com.crashlytics.sdk.android:crashlytics:2.5.3] AndroidManifest.xml:7:5-43
MERGED from [com.crashlytics.sdk.android:beta:1.1.4] AndroidManifest.xml:7:5-43
MERGED from [io.fabric.sdk.android:fabric:1.3.8] AndroidManifest.xml:23:5-43
MERGED from [com.crashlytics.sdk.android:answers:1.3.4] AndroidManifest.xml:7:5-43
MERGED from [io.fabric.sdk.android:fabric:1.3.8] AndroidManifest.xml:23:5-43
MERGED from [com.crashlytics.sdk.android:crashlytics-core:2.3.6] AndroidManifest.xml:7:5-43
MERGED from [com.crashlytics.sdk.android:answers:1.3.4] AndroidManifest.xml:7:5-43
MERGED from [io.fabric.sdk.android:fabric:1.3.8] AndroidManifest.xml:23:5-43
MERGED from [io.fabric.sdk.android:fabric:1.3.8] AndroidManifest.xml:23:5-43
MERGED from [io.fabric.sdk.android:fabric:1.3.8] AndroidManifest.xml:23:5-43
	android:targetSdkVersion
		ADDED from src\main\AndroidManifest.xml:9:9-38
		INJECTED from src\main\AndroidManifest.xml
		INJECTED from src\main\AndroidManifest.xml
	android:minSdkVersion
		ADDED from src\main\AndroidManifest.xml:8:9-35
		INJECTED from src\main\AndroidManifest.xml
		INJECTED from src\main\AndroidManifest.xml
uses-permission#android.permission.BLUETOOTH
ADDED from src\main\AndroidManifest.xml:11:5-68
MERGED from [com.github.ytai.ioio:IOIOLibAndroidBluetooth:5.05] AndroidManifest.xml:7:5-68
	android:name
		ADDED from src\main\AndroidManifest.xml:11:22-65
uses-permission#android.permission.INTERNET
ADDED from src\main\AndroidManifest.xml:12:5-67
MERGED from [com.github.ytai.ioio:IOIOLibAndroid:5.05] AndroidManifest.xml:7:5-67
MERGED from [com.github.ytai.ioio:IOIOLibAndroid:5.05] AndroidManifest.xml:7:5-67
MERGED from [com.github.ytai.ioio:IOIOLibAndroid:5.05] AndroidManifest.xml:7:5-67
MERGED from [com.github.ytai.ioio:IOIOLibAndroid:5.05] AndroidManifest.xml:7:5-67
MERGED from [com.crashlytics.sdk.android:crashlytics:2.5.3] AndroidManifest.xml:9:5-67
MERGED from [com.crashlytics.sdk.android:beta:1.1.4] AndroidManifest.xml:9:5-67
MERGED from [io.fabric.sdk.android:fabric:1.3.8] AndroidManifest.xml:25:5-67
MERGED from [com.crashlytics.sdk.android:answers:1.3.4] AndroidManifest.xml:9:5-67
MERGED from [io.fabric.sdk.android:fabric:1.3.8] AndroidManifest.xml:25:5-67
MERGED from [com.crashlytics.sdk.android:crashlytics-core:2.3.6] AndroidManifest.xml:9:5-67
MERGED from [com.crashlytics.sdk.android:answers:1.3.4] AndroidManifest.xml:9:5-67
MERGED from [io.fabric.sdk.android:fabric:1.3.8] AndroidManifest.xml:25:5-67
MERGED from [io.fabric.sdk.android:fabric:1.3.8] AndroidManifest.xml:25:5-67
MERGED from [io.fabric.sdk.android:fabric:1.3.8] AndroidManifest.xml:25:5-67
	android:name
		ADDED from src\main\AndroidManifest.xml:12:22-64
uses-permission#android.permission.ACCESS_NETWORK_STATE
ADDED from src\main\AndroidManifest.xml:13:5-79
	android:name
		ADDED from src\main\AndroidManifest.xml:13:22-76
uses-permission#android.permission.BLUETOOTH_ADMIN
ADDED from src\main\AndroidManifest.xml:14:5-74
	android:name
		ADDED from src\main\AndroidManifest.xml:14:22-71
uses-permission#android.permission.GET_ACCOUNTS
ADDED from src\main\AndroidManifest.xml:15:5-71
	android:name
		ADDED from src\main\AndroidManifest.xml:15:22-68
uses-permission#android.permission.WAKE_LOCK
ADDED from src\main\AndroidManifest.xml:16:5-68
	android:name
		ADDED from src\main\AndroidManifest.xml:16:22-65
uses-permission#android.permission.READ_SYNC_SETTINGS
ADDED from src\main\AndroidManifest.xml:17:5-77
	android:name
		ADDED from src\main\AndroidManifest.xml:17:22-74
uses-permission#android.permission.WRITE_SYNC_SETTINGS
ADDED from src\main\AndroidManifest.xml:18:5-78
	android:name
		ADDED from src\main\AndroidManifest.xml:18:22-75
uses-permission#android.permission.AUTHENTICATE_ACCOUNTS
ADDED from src\main\AndroidManifest.xml:19:5-80
	android:name
		ADDED from src\main\AndroidManifest.xml:19:22-77
uses-permission#android.permission.MANAGE_ACCOUNTS
ADDED from src\main\AndroidManifest.xml:22:5-23:23
	android:name
		ADDED from src\main\AndroidManifest.xml:22:22-71
uses-permission#android.permission.USE_CREDENTIALS
ADDED from src\main\AndroidManifest.xml:24:5-25:23
	android:name
		ADDED from src\main\AndroidManifest.xml:24:22-71
application
ADDED from src\main\AndroidManifest.xml:27:5-119:19
MERGED from [com.android.support:support-v4:23.1.1] AndroidManifest.xml:22:5-20
MERGED from [com.crashlytics.sdk.android:crashlytics:2.5.3] AndroidManifest.xml:11:5-20
MERGED from [com.crashlytics.sdk.android:beta:1.1.4] AndroidManifest.xml:11:5-20
MERGED from [io.fabric.sdk.android:fabric:1.3.8] AndroidManifest.xml:27:5-20
MERGED from [com.crashlytics.sdk.android:answers:1.3.4] AndroidManifest.xml:11:5-20
MERGED from [io.fabric.sdk.android:fabric:1.3.8] AndroidManifest.xml:27:5-20
MERGED from [com.crashlytics.sdk.android:crashlytics-core:2.3.6] AndroidManifest.xml:11:5-20
MERGED from [com.crashlytics.sdk.android:answers:1.3.4] AndroidManifest.xml:11:5-20
MERGED from [io.fabric.sdk.android:fabric:1.3.8] AndroidManifest.xml:27:5-20
MERGED from [io.fabric.sdk.android:fabric:1.3.8] AndroidManifest.xml:27:5-20
MERGED from [io.fabric.sdk.android:fabric:1.3.8] AndroidManifest.xml:27:5-20
	android:label
		ADDED from src\main\AndroidManifest.xml:30:9-41
	android:icon
		ADDED from src\main\AndroidManifest.xml:29:9-37
	android:name
		ADDED from src\main\AndroidManifest.xml:28:9-77
	android:launchMode
		ADDED from src\main\AndroidManifest.xml:31:9-40
uses-library#com.android.future.usb.accessory
ADDED from src\main\AndroidManifest.xml:32:9-34:40
	android:required
		ADDED from src\main\AndroidManifest.xml:34:13-37
	android:name
		ADDED from src\main\AndroidManifest.xml:33:13-60
activity#com.pietrantuono.activities.MainActivity
ADDED from src\main\AndroidManifest.xml:36:9-41:20
	android:screenOrientation
		ADDED from src\main\AndroidManifest.xml:40:13-50
	android:label
		ADDED from src\main\AndroidManifest.xml:39:13-45
	android:configChanges
		ADDED from src\main\AndroidManifest.xml:38:13-63
	android:name
		ADDED from src\main\AndroidManifest.xml:37:13-68
activity#com.pietrantuono.activities.SettingsActivity
ADDED from src\main\AndroidManifest.xml:42:9-46:20
	android:screenOrientation
		ADDED from src\main\AndroidManifest.xml:45:13-50
	android:configChanges
		ADDED from src\main\AndroidManifest.xml:44:13-63
	android:name
		ADDED from src\main\AndroidManifest.xml:43:13-72
activity#com.pietrantuono.activities.OtherSelectJobActivity
ADDED from src\main\AndroidManifest.xml:47:9-69:20
	android:screenOrientation
		ADDED from src\main\AndroidManifest.xml:50:13-50
	android:configChanges
		ADDED from src\main\AndroidManifest.xml:49:13-63
	android:name
		ADDED from src\main\AndroidManifest.xml:48:13-78
intent-filter#android.intent.action.MAIN+android.intent.category.LAUNCHER
ADDED from src\main\AndroidManifest.xml:51:13-55:29
action#android.intent.action.MAIN
ADDED from src\main\AndroidManifest.xml:52:17-69
	android:name
		ADDED from src\main\AndroidManifest.xml:52:25-66
category#android.intent.category.LAUNCHER
ADDED from src\main\AndroidManifest.xml:54:17-77
	android:name
		ADDED from src\main\AndroidManifest.xml:54:27-74
intent-filter#android.hardware.usb.action.USB_ACCESSORY_ATTACHED
ADDED from src\main\AndroidManifest.xml:56:13-58:29
action#android.hardware.usb.action.USB_ACCESSORY_ATTACHED
ADDED from src\main\AndroidManifest.xml:57:17-93
	android:name
		ADDED from src\main\AndroidManifest.xml:57:25-90
intent-filter#android.hardware.usb.action.USB_DEVICE_ATTACHED
ADDED from src\main\AndroidManifest.xml:59:13-61:29
action#android.hardware.usb.action.USB_DEVICE_ATTACHED
ADDED from src\main\AndroidManifest.xml:60:17-90
	android:name
		ADDED from src\main\AndroidManifest.xml:60:25-87
meta-data#android.hardware.usb.action.USB_ACCESSORY_ATTACHED
ADDED from src\main\AndroidManifest.xml:63:13-65:60
	android:resource
		ADDED from src\main\AndroidManifest.xml:65:17-57
	android:name
		ADDED from src\main\AndroidManifest.xml:64:17-82
meta-data#android.hardware.usb.action.USB_DEVICE_ATTACHED
ADDED from src\main\AndroidManifest.xml:66:13-68:57
	android:resource
		ADDED from src\main\AndroidManifest.xml:68:17-54
	android:name
		ADDED from src\main\AndroidManifest.xml:67:17-79
service#com.pietrantuono.pericoach.newtestapp.MyUploaderService
ADDED from src\main\AndroidManifest.xml:71:9-74:19
	android:exported
		ADDED from src\main\AndroidManifest.xml:73:13-37
	android:name
		ADDED from src\main\AndroidManifest.xml:72:13-83
service#com.pietrantuono.pericoach.newtestapp.syncadapter.MyAuthenticatorService
ADDED from src\main\AndroidManifest.xml:75:9-85:19
	android:exported
		ADDED from src\main\AndroidManifest.xml:77:13-37
	android:name
		ADDED from src\main\AndroidManifest.xml:76:13-100
intent-filter#android.accounts.AccountAuthenticator
ADDED from src\main\AndroidManifest.xml:78:13-80:29
action#android.accounts.AccountAuthenticator
ADDED from src\main\AndroidManifest.xml:79:17-80
	android:name
		ADDED from src\main\AndroidManifest.xml:79:25-77
meta-data#android.accounts.AccountAuthenticator
ADDED from src\main\AndroidManifest.xml:82:13-84:57
	android:resource
		ADDED from src\main\AndroidManifest.xml:84:17-54
	android:name
		ADDED from src\main\AndroidManifest.xml:83:17-69
provider#com.pietrantuono.pericoach.newtestapp.syncadapter.MyStubProvider
ADDED from src\main\AndroidManifest.xml:87:9-91:39
	android:syncable
		ADDED from src\main\AndroidManifest.xml:91:13-36
	android:exported
		ADDED from src\main\AndroidManifest.xml:90:13-37
	android:authorities
		ADDED from src\main\AndroidManifest.xml:89:13-72
	android:name
		ADDED from src\main\AndroidManifest.xml:88:13-92
service#com.pietrantuono.pericoach.newtestapp.syncadapter.MySyncService
ADDED from src\main\AndroidManifest.xml:93:9-104:19
	android:process
		ADDED from src\main\AndroidManifest.xml:96:13-36
	android:exported
		ADDED from src\main\AndroidManifest.xml:95:13-36
	android:name
		ADDED from src\main\AndroidManifest.xml:94:13-91
intent-filter#android.content.SyncAdapter
ADDED from src\main\AndroidManifest.xml:97:13-99:29
action#android.content.SyncAdapter
ADDED from src\main\AndroidManifest.xml:98:17-70
	android:name
		ADDED from src\main\AndroidManifest.xml:98:25-67
meta-data#android.content.SyncAdapter
ADDED from src\main\AndroidManifest.xml:101:13-103:55
	android:resource
		ADDED from src\main\AndroidManifest.xml:103:17-52
	android:name
		ADDED from src\main\AndroidManifest.xml:102:17-59
service#server.service.DownloadDevicesIntentService
ADDED from src\main\AndroidManifest.xml:105:9-108:19
	android:exported
		ADDED from src\main\AndroidManifest.xml:107:13-37
	android:name
		ADDED from src\main\AndroidManifest.xml:106:13-71
meta-data#com.crashlytics.ApiKey
ADDED from src\main\AndroidManifest.xml:110:9-112:72
	android:name
		ADDED from src\main\AndroidManifest.xml:111:13-50
	android:value
		ADDED from src\main\AndroidManifest.xml:112:13-69
meta-data#AA_DB_NAME
ADDED from src\main\AndroidManifest.xml:113:9-115:76
	android:name
		ADDED from src\main\AndroidManifest.xml:114:13-38
	android:value
		ADDED from src\main\AndroidManifest.xml:115:13-73
meta-data#AA_DB_VERSION
ADDED from src\main\AndroidManifest.xml:116:9-118:33
	android:name
		ADDED from src\main\AndroidManifest.xml:117:13-41
	android:value
		ADDED from src\main\AndroidManifest.xml:118:13-30
android:uses-permission#android.permission.WRITE_EXTERNAL_STORAGE
IMPLIED from src\main\AndroidManifest.xml:2:1-121:12 reason: ioio.lib has a targetSdkVersion < 4
android:uses-permission#android.permission.READ_PHONE_STATE
IMPLIED from src\main\AndroidManifest.xml:2:1-121:12 reason: ioio.lib has a targetSdkVersion < 4
android:uses-permission#android.permission.READ_EXTERNAL_STORAGE
IMPLIED from src\main\AndroidManifest.xml:2:1-121:12 reason: ioio.lib requested WRITE_EXTERNAL_STORAGE
uses-feature#android.hardware.usb.accessory
ADDED from [com.github.ytai.ioio:IOIOLibAndroidAccessory:5.05] AndroidManifest.xml:7:5-9:36
	android:required
		ADDED from [com.github.ytai.ioio:IOIOLibAndroidAccessory:5.05] AndroidManifest.xml:9:9-33
	android:name
		ADDED from [com.github.ytai.ioio:IOIOLibAndroidAccessory:5.05] AndroidManifest.xml:8:9-54
uses-feature#android.hardware.usb.host
ADDED from [com.github.ytai.ioio:IOIOLibAndroidDevice:5.05] AndroidManifest.xml:7:5-9:36
	android:required
		ADDED from [com.github.ytai.ioio:IOIOLibAndroidDevice:5.05] AndroidManifest.xml:9:9-33
	android:name
		ADDED from [com.github.ytai.ioio:IOIOLibAndroidDevice:5.05] AndroidManifest.xml:8:9-49